
  .   ____          _            __ _ _
 /\\ / ___'_ __ _ _(_)_ __  __ _ \ \ \ \
( ( )\___ | '_ | '_| | '_ \/ _` | \ \ \ \
 \\/  ___)| |_)| | | | | || (_| |  ) ) ) )
  '  |____| .__|_| |_|_| |_\__, | / / / /
 =========|_|==============|___/=/_/_/_/
 :: Spring Boot ::                (v3.0.2)

2025-06-10T15:28:49.364Z  INFO 2652 --- [           main] .s.r.e.SpringBoot2RestServiceApplication : Starting SpringBoot2RestServiceApplication v0.0.1-SNAPSHOT using Java 17.0.15 with PID 2652 (/home/ubuntu/spring-boot-examples/spring-boot-2-rest-service-basic/target/spring-boot-2-rest-service-basic-0.0.1-SNAPSHOT.jar started by ubuntu in /home/ubuntu/spring-boot-examples/spring-boot-2-rest-service-basic)
2025-06-10T15:28:49.373Z  INFO 2652 --- [           main] .s.r.e.SpringBoot2RestServiceApplication : No active profile set, falling back to 1 default profile: "default"
2025-06-10T15:28:51.594Z  INFO 2652 --- [           main] .s.d.r.c.RepositoryConfigurationDelegate : Bootstrapping Spring Data JPA repositories in DEFAULT mode.
2025-06-10T15:28:51.703Z  INFO 2652 --- [           main] .s.d.r.c.RepositoryConfigurationDelegate : Finished Spring Data repository scanning in 97 ms. Found 1 JPA repository interfaces.
2025-06-10T15:28:53.048Z  INFO 2652 --- [           main] o.s.b.w.embedded.tomcat.TomcatWebServer  : Tomcat initialized with port(s): 9090 (http)
2025-06-10T15:28:53.063Z  INFO 2652 --- [           main] o.apache.catalina.core.StandardService   : Starting service [Tomcat]
2025-06-10T15:28:53.063Z  INFO 2652 --- [           main] o.apache.catalina.core.StandardEngine    : Starting Servlet engine: [Apache Tomcat/10.1.5]
2025-06-10T15:28:53.334Z  INFO 2652 --- [           main] o.a.c.c.C.[Tomcat].[localhost].[/]       : Initializing Spring embedded WebApplicationContext
2025-06-10T15:28:53.341Z  INFO 2652 --- [           main] w.s.c.ServletWebServerApplicationContext : Root WebApplicationContext: initialization completed in 3837 ms
2025-06-10T15:28:53.580Z  INFO 2652 --- [           main] com.zaxxer.hikari.HikariDataSource       : HikariPool-1 - Starting...
2025-06-10T15:28:53.925Z  INFO 2652 --- [           main] com.zaxxer.hikari.pool.HikariPool        : HikariPool-1 - Added connection conn0: url=jdbc:h2:mem:testdb user=SA
2025-06-10T15:28:53.927Z  INFO 2652 --- [           main] com.zaxxer.hikari.HikariDataSource       : HikariPool-1 - Start completed.
2025-06-10T15:28:53.950Z  INFO 2652 --- [           main] o.s.b.a.h2.H2ConsoleAutoConfiguration    : H2 console available at '/h2-console'. Database available at 'jdbc:h2:mem:testdb'
2025-06-10T15:28:54.767Z  INFO 2652 --- [           main] o.hibernate.jpa.internal.util.LogHelper  : HHH000204: Processing PersistenceUnitInfo [name: default]
2025-06-10T15:28:54.881Z  INFO 2652 --- [           main] org.hibernate.Version                    : HHH000412: Hibernate ORM core version 6.1.6.Final
2025-06-10T15:28:55.203Z  WARN 2652 --- [           main] org.hibernate.orm.deprecation            : HHH90000021: Encountered deprecated setting [javax.persistence.sharedCache.mode], use [jakarta.persistence.sharedCache.mode] instead
2025-06-10T15:28:55.315Z DEBUG 2652 --- [           main] o.h.t.d.jdbc.spi.JdbcTypeRegistry        : addDescriptor(FloatTypeDescriptor) replaced previous registration(DoubleTypeDescriptor)
2025-06-10T15:28:55.327Z DEBUG 2652 --- [           main] org.hibernate.type.BasicTypeRegistry     : Adding type registration boolean -> org.hibernate.type.BasicTypeReference@25d958c6
2025-06-10T15:28:55.327Z DEBUG 2652 --- [           main] org.hibernate.type.BasicTypeRegistry     : Adding type registration boolean -> org.hibernate.type.BasicTypeReference@25d958c6
2025-06-10T15:28:55.329Z DEBUG 2652 --- [           main] org.hibernate.type.BasicTypeRegistry     : Adding type registration java.lang.Boolean -> org.hibernate.type.BasicTypeReference@25d958c6
2025-06-10T15:28:55.329Z DEBUG 2652 --- [           main] org.hibernate.type.BasicTypeRegistry     : Adding type registration numeric_boolean -> org.hibernate.type.BasicTypeReference@4482469c
2025-06-10T15:28:55.329Z DEBUG 2652 --- [           main] org.hibernate.type.BasicTypeRegistry     : Adding type registration org.hibernate.type.NumericBooleanConverter -> org.hibernate.type.BasicTypeReference@4482469c
2025-06-10T15:28:55.329Z DEBUG 2652 --- [           main] org.hibernate.type.BasicTypeRegistry     : Adding type registration true_false -> org.hibernate.type.BasicTypeReference@3703bf3c
2025-06-10T15:28:55.329Z DEBUG 2652 --- [           main] org.hibernate.type.BasicTypeRegistry     : Adding type registration org.hibernate.type.TrueFalseConverter -> org.hibernate.type.BasicTypeReference@3703bf3c
2025-06-10T15:28:55.329Z DEBUG 2652 --- [           main] org.hibernate.type.BasicTypeRegistry     : Adding type registration yes_no -> org.hibernate.type.BasicTypeReference@34cf5a97
2025-06-10T15:28:55.329Z DEBUG 2652 --- [           main] org.hibernate.type.BasicTypeRegistry     : Adding type registration org.hibernate.type.YesNoConverter -> org.hibernate.type.BasicTypeReference@34cf5a97
2025-06-10T15:28:55.329Z DEBUG 2652 --- [           main] org.hibernate.type.BasicTypeRegistry     : Adding type registration byte -> org.hibernate.type.BasicTypeReference@5b3f3ba0
2025-06-10T15:28:55.329Z DEBUG 2652 --- [           main] org.hibernate.type.BasicTypeRegistry     : Adding type registration byte -> org.hibernate.type.BasicTypeReference@5b3f3ba0
2025-06-10T15:28:55.329Z DEBUG 2652 --- [           main] org.hibernate.type.BasicTypeRegistry     : Adding type registration java.lang.Byte -> org.hibernate.type.BasicTypeReference@5b3f3ba0
2025-06-10T15:28:55.330Z DEBUG 2652 --- [           main] org.hibernate.type.BasicTypeRegistry     : Adding type registration binary -> org.hibernate.type.BasicTypeReference@695a69a1
2025-06-10T15:28:55.330Z DEBUG 2652 --- [           main] org.hibernate.type.BasicTypeRegistry     : Adding type registration byte[] -> org.hibernate.type.BasicTypeReference@695a69a1
2025-06-10T15:28:55.330Z DEBUG 2652 --- [           main] org.hibernate.type.BasicTypeRegistry     : Adding type registration [B -> org.hibernate.type.BasicTypeReference@695a69a1
2025-06-10T15:28:55.330Z DEBUG 2652 --- [           main] org.hibernate.type.BasicTypeRegistry     : Adding type registration binary_wrapper -> org.hibernate.type.BasicTypeReference@4b1abd11
2025-06-10T15:28:55.330Z DEBUG 2652 --- [           main] org.hibernate.type.BasicTypeRegistry     : Adding type registration wrapper-binary -> org.hibernate.type.BasicTypeReference@4b1abd11
2025-06-10T15:28:55.331Z DEBUG 2652 --- [           main] org.hibernate.type.BasicTypeRegistry     : Adding type registration Byte[] -> org.hibernate.type.BasicTypeReference@4b1abd11
2025-06-10T15:28:55.331Z DEBUG 2652 --- [           main] org.hibernate.type.BasicTypeRegistry     : Adding type registration [Ljava.lang.Byte; -> org.hibernate.type.BasicTypeReference@4b1abd11
2025-06-10T15:28:55.331Z DEBUG 2652 --- [           main] org.hibernate.type.BasicTypeRegistry     : Adding type registration image -> org.hibernate.type.BasicTypeReference@3f36b447
2025-06-10T15:28:55.333Z DEBUG 2652 --- [           main] org.hibernate.type.BasicTypeRegistry     : Adding type registration blob -> org.hibernate.type.BasicTypeReference@6443b128
2025-06-10T15:28:55.333Z DEBUG 2652 --- [           main] org.hibernate.type.BasicTypeRegistry     : Adding type registration java.sql.Blob -> org.hibernate.type.BasicTypeReference@6443b128
2025-06-10T15:28:55.333Z DEBUG 2652 --- [           main] org.hibernate.type.BasicTypeRegistry     : Adding type registration materialized_blob -> org.hibernate.type.BasicTypeReference@5eeedb60
2025-06-10T15:28:55.333Z DEBUG 2652 --- [           main] org.hibernate.type.BasicTypeRegistry     : Adding type registration materialized_blob_wrapper -> org.hibernate.type.BasicTypeReference@40021799
2025-06-10T15:28:55.333Z DEBUG 2652 --- [           main] org.hibernate.type.BasicTypeRegistry     : Adding type registration short -> org.hibernate.type.BasicTypeReference@4a1c0752
2025-06-10T15:28:55.333Z DEBUG 2652 --- [           main] org.hibernate.type.BasicTypeRegistry     : Adding type registration short -> org.hibernate.type.BasicTypeReference@4a1c0752
2025-06-10T15:28:55.333Z DEBUG 2652 --- [           main] org.hibernate.type.BasicTypeRegistry     : Adding type registration java.lang.Short -> org.hibernate.type.BasicTypeReference@4a1c0752
2025-06-10T15:28:55.334Z DEBUG 2652 --- [           main] org.hibernate.type.BasicTypeRegistry     : Adding type registration integer -> org.hibernate.type.BasicTypeReference@332f25c8
2025-06-10T15:28:55.334Z DEBUG 2652 --- [           main] org.hibernate.type.BasicTypeRegistry     : Adding type registration int -> org.hibernate.type.BasicTypeReference@332f25c8
2025-06-10T15:28:55.334Z DEBUG 2652 --- [           main] org.hibernate.type.BasicTypeRegistry     : Adding type registration java.lang.Integer -> org.hibernate.type.BasicTypeReference@332f25c8
2025-06-10T15:28:55.334Z DEBUG 2652 --- [           main] org.hibernate.type.BasicTypeRegistry     : Adding type registration long -> org.hibernate.type.BasicTypeReference@1b32cd16
2025-06-10T15:28:55.335Z DEBUG 2652 --- [           main] org.hibernate.type.BasicTypeRegistry     : Adding type registration long -> org.hibernate.type.BasicTypeReference@1b32cd16
2025-06-10T15:28:55.335Z DEBUG 2652 --- [           main] org.hibernate.type.BasicTypeRegistry     : Adding type registration java.lang.Long -> org.hibernate.type.BasicTypeReference@1b32cd16
2025-06-10T15:28:55.335Z DEBUG 2652 --- [           main] org.hibernate.type.BasicTypeRegistry     : Adding type registration float -> org.hibernate.type.BasicTypeReference@4bdcaf36
2025-06-10T15:28:55.335Z DEBUG 2652 --- [           main] org.hibernate.type.BasicTypeRegistry     : Adding type registration float -> org.hibernate.type.BasicTypeReference@4bdcaf36
2025-06-10T15:28:55.335Z DEBUG 2652 --- [           main] org.hibernate.type.BasicTypeRegistry     : Adding type registration java.lang.Float -> org.hibernate.type.BasicTypeReference@4bdcaf36
2025-06-10T15:28:55.335Z DEBUG 2652 --- [           main] org.hibernate.type.BasicTypeRegistry     : Adding type registration double -> org.hibernate.type.BasicTypeReference@61d01788
2025-06-10T15:28:55.335Z DEBUG 2652 --- [           main] org.hibernate.type.BasicTypeRegistry     : Adding type registration double -> org.hibernate.type.BasicTypeReference@61d01788
2025-06-10T15:28:55.335Z DEBUG 2652 --- [           main] org.hibernate.type.BasicTypeRegistry     : Adding type registration java.lang.Double -> org.hibernate.type.BasicTypeReference@61d01788
2025-06-10T15:28:55.336Z DEBUG 2652 --- [           main] org.hibernate.type.BasicTypeRegistry     : Adding type registration big_integer -> org.hibernate.type.BasicTypeReference@2b9b7f1f
2025-06-10T15:28:55.336Z DEBUG 2652 --- [           main] org.hibernate.type.BasicTypeRegistry     : Adding type registration java.math.BigInteger -> org.hibernate.type.BasicTypeReference@2b9b7f1f
2025-06-10T15:28:55.336Z DEBUG 2652 --- [           main] org.hibernate.type.BasicTypeRegistry     : Adding type registration big_decimal -> org.hibernate.type.BasicTypeReference@264c5d07
2025-06-10T15:28:55.336Z DEBUG 2652 --- [           main] org.hibernate.type.BasicTypeRegistry     : Adding type registration java.math.BigDecimal -> org.hibernate.type.BasicTypeReference@264c5d07
2025-06-10T15:28:55.336Z DEBUG 2652 --- [           main] org.hibernate.type.BasicTypeRegistry     : Adding type registration character -> org.hibernate.type.BasicTypeReference@847f3e7
2025-06-10T15:28:55.336Z DEBUG 2652 --- [           main] org.hibernate.type.BasicTypeRegistry     : Adding type registration char -> org.hibernate.type.BasicTypeReference@847f3e7
2025-06-10T15:28:55.337Z DEBUG 2652 --- [           main] org.hibernate.type.BasicTypeRegistry     : Adding type registration java.lang.Character -> org.hibernate.type.BasicTypeReference@847f3e7
2025-06-10T15:28:55.337Z DEBUG 2652 --- [           main] org.hibernate.type.BasicTypeRegistry     : Adding type registration character_nchar -> org.hibernate.type.BasicTypeReference@69cac930
2025-06-10T15:28:55.337Z DEBUG 2652 --- [           main] org.hibernate.type.BasicTypeRegistry     : Adding type registration string -> org.hibernate.type.BasicTypeReference@19593091
2025-06-10T15:28:55.337Z DEBUG 2652 --- [           main] org.hibernate.type.BasicTypeRegistry     : Adding type registration java.lang.String -> org.hibernate.type.BasicTypeReference@19593091
2025-06-10T15:28:55.337Z DEBUG 2652 --- [           main] org.hibernate.type.BasicTypeRegistry     : Adding type registration nstring -> org.hibernate.type.BasicTypeReference@5d39f2d8
2025-06-10T15:28:55.338Z DEBUG 2652 --- [           main] org.hibernate.type.BasicTypeRegistry     : Adding type registration characters -> org.hibernate.type.BasicTypeReference@6ad6fa53
2025-06-10T15:28:55.338Z DEBUG 2652 --- [           main] org.hibernate.type.BasicTypeRegistry     : Adding type registration char[] -> org.hibernate.type.BasicTypeReference@6ad6fa53
2025-06-10T15:28:55.338Z DEBUG 2652 --- [           main] org.hibernate.type.BasicTypeRegistry     : Adding type registration [C -> org.hibernate.type.BasicTypeReference@6ad6fa53
2025-06-10T15:28:55.338Z DEBUG 2652 --- [           main] org.hibernate.type.BasicTypeRegistry     : Adding type registration wrapper-characters -> org.hibernate.type.BasicTypeReference@55ea2d70
2025-06-10T15:28:55.338Z DEBUG 2652 --- [           main] org.hibernate.type.BasicTypeRegistry     : Adding type registration [Ljava.lang.Character; -> org.hibernate.type.BasicTypeReference@55ea2d70
2025-06-10T15:28:55.339Z DEBUG 2652 --- [           main] org.hibernate.type.BasicTypeRegistry     : Adding type registration Character[] -> org.hibernate.type.BasicTypeReference@55ea2d70
2025-06-10T15:28:55.340Z DEBUG 2652 --- [           main] org.hibernate.type.BasicTypeRegistry     : Adding type registration text -> org.hibernate.type.BasicTypeReference@5e742e4
2025-06-10T15:28:55.340Z DEBUG 2652 --- [           main] org.hibernate.type.BasicTypeRegistry     : Adding type registration ntext -> org.hibernate.type.BasicTypeReference@175acfb2
2025-06-10T15:28:55.340Z DEBUG 2652 --- [           main] org.hibernate.type.BasicTypeRegistry     : Adding type registration clob -> org.hibernate.type.BasicTypeReference@4a03bb68
2025-06-10T15:28:55.340Z DEBUG 2652 --- [           main] org.hibernate.type.BasicTypeRegistry     : Adding type registration java.sql.Clob -> org.hibernate.type.BasicTypeReference@4a03bb68
2025-06-10T15:28:55.340Z DEBUG 2652 --- [           main] org.hibernate.type.BasicTypeRegistry     : Adding type registration nclob -> org.hibernate.type.BasicTypeReference@4e868ef5
2025-06-10T15:28:55.340Z DEBUG 2652 --- [           main] org.hibernate.type.BasicTypeRegistry     : Adding type registration java.sql.NClob -> org.hibernate.type.BasicTypeReference@4e868ef5
2025-06-10T15:28:55.340Z DEBUG 2652 --- [           main] org.hibernate.type.BasicTypeRegistry     : Adding type registration materialized_clob -> org.hibernate.type.BasicTypeReference@71c905a3
2025-06-10T15:28:55.340Z DEBUG 2652 --- [           main] org.hibernate.type.BasicTypeRegistry     : Adding type registration materialized_clob_char_array -> org.hibernate.type.BasicTypeReference@30af7377
2025-06-10T15:28:55.340Z DEBUG 2652 --- [           main] org.hibernate.type.BasicTypeRegistry     : Adding type registration materialized_clob_character_array -> org.hibernate.type.BasicTypeReference@67a056f1
2025-06-10T15:28:55.340Z DEBUG 2652 --- [           main] org.hibernate.type.BasicTypeRegistry     : Adding type registration materialized_nclob -> org.hibernate.type.BasicTypeReference@1dab9dd6
2025-06-10T15:28:55.340Z DEBUG 2652 --- [           main] org.hibernate.type.BasicTypeRegistry     : Adding type registration materialized_nclob_character_array -> org.hibernate.type.BasicTypeReference@247667dd
2025-06-10T15:28:55.340Z DEBUG 2652 --- [           main] org.hibernate.type.BasicTypeRegistry     : Adding type registration materialized_nclob_char_array -> org.hibernate.type.BasicTypeReference@6f099cef
2025-06-10T15:28:55.340Z DEBUG 2652 --- [           main] org.hibernate.type.BasicTypeRegistry     : Adding type registration Duration -> org.hibernate.type.BasicTypeReference@afb5821
2025-06-10T15:28:55.340Z DEBUG 2652 --- [           main] org.hibernate.type.BasicTypeRegistry     : Adding type registration java.time.Duration -> org.hibernate.type.BasicTypeReference@afb5821
2025-06-10T15:28:55.341Z DEBUG 2652 --- [           main] org.hibernate.type.BasicTypeRegistry     : Adding type registration LocalDateTime -> org.hibernate.type.BasicTypeReference@4bff2185
2025-06-10T15:28:55.341Z DEBUG 2652 --- [           main] org.hibernate.type.BasicTypeRegistry     : Adding type registration java.time.LocalDateTime -> org.hibernate.type.BasicTypeReference@4bff2185
2025-06-10T15:28:55.341Z DEBUG 2652 --- [           main] org.hibernate.type.BasicTypeRegistry     : Adding type registration LocalDate -> org.hibernate.type.BasicTypeReference@5c20ffa8
2025-06-10T15:28:55.341Z DEBUG 2652 --- [           main] org.hibernate.type.BasicTypeRegistry     : Adding type registration java.time.LocalDate -> org.hibernate.type.BasicTypeReference@5c20ffa8
2025-06-10T15:28:55.341Z DEBUG 2652 --- [           main] org.hibernate.type.BasicTypeRegistry     : Adding type registration LocalTime -> org.hibernate.type.BasicTypeReference@7fedfe27
2025-06-10T15:28:55.341Z DEBUG 2652 --- [           main] org.hibernate.type.BasicTypeRegistry     : Adding type registration java.time.LocalTime -> org.hibernate.type.BasicTypeReference@7fedfe27
2025-06-10T15:28:55.341Z DEBUG 2652 --- [           main] org.hibernate.type.BasicTypeRegistry     : Adding type registration OffsetDateTime -> org.hibernate.type.BasicTypeReference@2f879bab
2025-06-10T15:28:55.341Z DEBUG 2652 --- [           main] org.hibernate.type.BasicTypeRegistry     : Adding type registration java.time.OffsetDateTime -> org.hibernate.type.BasicTypeReference@2f879bab
2025-06-10T15:28:55.341Z DEBUG 2652 --- [           main] org.hibernate.type.BasicTypeRegistry     : Adding type registration OffsetDateTimeWithTimezone -> org.hibernate.type.BasicTypeReference@1d4664d7
2025-06-10T15:28:55.341Z DEBUG 2652 --- [           main] org.hibernate.type.BasicTypeRegistry     : Adding type registration OffsetDateTimeWithoutTimezone -> org.hibernate.type.BasicTypeReference@46c00568
2025-06-10T15:28:55.341Z DEBUG 2652 --- [           main] org.hibernate.type.BasicTypeRegistry     : Adding type registration OffsetTime -> org.hibernate.type.BasicTypeReference@56ccd751
2025-06-10T15:28:55.341Z DEBUG 2652 --- [           main] org.hibernate.type.BasicTypeRegistry     : Adding type registration java.time.OffsetTime -> org.hibernate.type.BasicTypeReference@56ccd751
2025-06-10T15:28:55.341Z DEBUG 2652 --- [           main] org.hibernate.type.BasicTypeRegistry     : Adding type registration ZonedDateTime -> org.hibernate.type.BasicTypeReference@458544e0
2025-06-10T15:28:55.341Z DEBUG 2652 --- [           main] org.hibernate.type.BasicTypeRegistry     : Adding type registration java.time.ZonedDateTime -> org.hibernate.type.BasicTypeReference@458544e0
2025-06-10T15:28:55.341Z DEBUG 2652 --- [           main] org.hibernate.type.BasicTypeRegistry     : Adding type registration ZonedDateTimeWithTimezone -> org.hibernate.type.BasicTypeReference@6bcbf05b
2025-06-10T15:28:55.341Z DEBUG 2652 --- [           main] org.hibernate.type.BasicTypeRegistry     : Adding type registration ZonedDateTimeWithoutTimezone -> org.hibernate.type.BasicTypeReference@2d66530f
2025-06-10T15:28:55.341Z DEBUG 2652 --- [           main] org.hibernate.type.BasicTypeRegistry     : Adding type registration date -> org.hibernate.type.BasicTypeReference@1d207fad
2025-06-10T15:28:55.341Z DEBUG 2652 --- [           main] org.hibernate.type.BasicTypeRegistry     : Adding type registration java.sql.Date -> org.hibernate.type.BasicTypeReference@1d207fad
2025-06-10T15:28:55.341Z DEBUG 2652 --- [           main] org.hibernate.type.BasicTypeRegistry     : Adding type registration time -> org.hibernate.type.BasicTypeReference@72ed9aad
2025-06-10T15:28:55.341Z DEBUG 2652 --- [           main] org.hibernate.type.BasicTypeRegistry     : Adding type registration java.sql.Time -> org.hibernate.type.BasicTypeReference@72ed9aad
2025-06-10T15:28:55.341Z DEBUG 2652 --- [           main] org.hibernate.type.BasicTypeRegistry     : Adding type registration timestamp -> org.hibernate.type.BasicTypeReference@4690f583
2025-06-10T15:28:55.342Z DEBUG 2652 --- [           main] org.hibernate.type.BasicTypeRegistry     : Adding type registration java.sql.Timestamp -> org.hibernate.type.BasicTypeReference@4690f583
2025-06-10T15:28:55.342Z DEBUG 2652 --- [           main] org.hibernate.type.BasicTypeRegistry     : Adding type registration java.util.Date -> org.hibernate.type.BasicTypeReference@4690f583
2025-06-10T15:28:55.342Z DEBUG 2652 --- [           main] org.hibernate.type.BasicTypeRegistry     : Adding type registration calendar -> org.hibernate.type.BasicTypeReference@59712875
2025-06-10T15:28:55.342Z DEBUG 2652 --- [           main] org.hibernate.type.BasicTypeRegistry     : Adding type registration java.util.Calendar -> org.hibernate.type.BasicTypeReference@59712875
2025-06-10T15:28:55.342Z DEBUG 2652 --- [           main] org.hibernate.type.BasicTypeRegistry     : Adding type registration java.util.GregorianCalendar -> org.hibernate.type.BasicTypeReference@59712875
2025-06-10T15:28:55.342Z DEBUG 2652 --- [           main] org.hibernate.type.BasicTypeRegistry     : Adding type registration calendar_date -> org.hibernate.type.BasicTypeReference@47b2e9e1
2025-06-10T15:28:55.342Z DEBUG 2652 --- [           main] org.hibernate.type.BasicTypeRegistry     : Adding type registration calendar_time -> org.hibernate.type.BasicTypeReference@59942b48
2025-06-10T15:28:55.342Z DEBUG 2652 --- [           main] org.hibernate.type.BasicTypeRegistry     : Adding type registration instant -> org.hibernate.type.BasicTypeReference@1869f114
2025-06-10T15:28:55.343Z DEBUG 2652 --- [           main] org.hibernate.type.BasicTypeRegistry     : Adding type registration java.time.Instant -> org.hibernate.type.BasicTypeReference@1869f114
2025-06-10T15:28:55.344Z DEBUG 2652 --- [           main] org.hibernate.type.BasicTypeRegistry     : Adding type registration uuid -> org.hibernate.type.BasicTypeReference@488b50ec
2025-06-10T15:28:55.344Z DEBUG 2652 --- [           main] org.hibernate.type.BasicTypeRegistry     : Adding type registration java.util.UUID -> org.hibernate.type.BasicTypeReference@488b50ec
2025-06-10T15:28:55.344Z DEBUG 2652 --- [           main] org.hibernate.type.BasicTypeRegistry     : Adding type registration pg-uuid -> org.hibernate.type.BasicTypeReference@488b50ec
2025-06-10T15:28:55.344Z DEBUG 2652 --- [           main] org.hibernate.type.BasicTypeRegistry     : Adding type registration uuid-binary -> org.hibernate.type.BasicTypeReference@18a645fd
2025-06-10T15:28:55.344Z DEBUG 2652 --- [           main] org.hibernate.type.BasicTypeRegistry     : Adding type registration uuid-char -> org.hibernate.type.BasicTypeReference@6090f3ca
2025-06-10T15:28:55.344Z DEBUG 2652 --- [           main] org.hibernate.type.BasicTypeRegistry     : Adding type registration class -> org.hibernate.type.BasicTypeReference@37a64f9d
2025-06-10T15:28:55.344Z DEBUG 2652 --- [           main] org.hibernate.type.BasicTypeRegistry     : Adding type registration java.lang.Class -> org.hibernate.type.BasicTypeReference@37a64f9d
2025-06-10T15:28:55.344Z DEBUG 2652 --- [           main] org.hibernate.type.BasicTypeRegistry     : Adding type registration currency -> org.hibernate.type.BasicTypeReference@25b865b5
2025-06-10T15:28:55.345Z DEBUG 2652 --- [           main] org.hibernate.type.BasicTypeRegistry     : Adding type registration Currency -> org.hibernate.type.BasicTypeReference@25b865b5
2025-06-10T15:28:55.345Z DEBUG 2652 --- [           main] org.hibernate.type.BasicTypeRegistry     : Adding type registration java.util.Currency -> org.hibernate.type.BasicTypeReference@25b865b5
2025-06-10T15:28:55.345Z DEBUG 2652 --- [           main] org.hibernate.type.BasicTypeRegistry     : Adding type registration locale -> org.hibernate.type.BasicTypeReference@f9b5552
2025-06-10T15:28:55.345Z DEBUG 2652 --- [           main] org.hibernate.type.BasicTypeRegistry     : Adding type registration java.util.Locale -> org.hibernate.type.BasicTypeReference@f9b5552
2025-06-10T15:28:55.345Z DEBUG 2652 --- [           main] org.hibernate.type.BasicTypeRegistry     : Adding type registration serializable -> org.hibernate.type.BasicTypeReference@6872f9c8
2025-06-10T15:28:55.345Z DEBUG 2652 --- [           main] org.hibernate.type.BasicTypeRegistry     : Adding type registration java.io.Serializable -> org.hibernate.type.BasicTypeReference@6872f9c8
2025-06-10T15:28:55.345Z DEBUG 2652 --- [           main] org.hibernate.type.BasicTypeRegistry     : Adding type registration timezone -> org.hibernate.type.BasicTypeReference@6d2d99fc
2025-06-10T15:28:55.345Z DEBUG 2652 --- [           main] org.hibernate.type.BasicTypeRegistry     : Adding type registration java.util.TimeZone -> org.hibernate.type.BasicTypeReference@6d2d99fc
2025-06-10T15:28:55.345Z DEBUG 2652 --- [           main] org.hibernate.type.BasicTypeRegistry     : Adding type registration ZoneOffset -> org.hibernate.type.BasicTypeReference@bdecc21
2025-06-10T15:28:55.345Z DEBUG 2652 --- [           main] org.hibernate.type.BasicTypeRegistry     : Adding type registration java.time.ZoneOffset -> org.hibernate.type.BasicTypeReference@bdecc21
2025-06-10T15:28:55.345Z DEBUG 2652 --- [           main] org.hibernate.type.BasicTypeRegistry     : Adding type registration url -> org.hibernate.type.BasicTypeReference@5e3a39cd
2025-06-10T15:28:55.345Z DEBUG 2652 --- [           main] org.hibernate.type.BasicTypeRegistry     : Adding type registration java.net.URL -> org.hibernate.type.BasicTypeReference@5e3a39cd
2025-06-10T15:28:55.345Z DEBUG 2652 --- [           main] org.hibernate.type.BasicTypeRegistry     : Adding type registration row_version -> org.hibernate.type.BasicTypeReference@21f9277b
2025-06-10T15:28:55.351Z DEBUG 2652 --- [           main] org.hibernate.type.BasicTypeRegistry     : Adding type registration dbtimestamp -> org.hibernate.type.DbTimestampType@13cd7ea5
2025-06-10T15:28:55.352Z DEBUG 2652 --- [           main] org.hibernate.type.BasicTypeRegistry     : Adding type registration dbtimestamp -> org.hibernate.type.DbTimestampType@13cd7ea5
2025-06-10T15:28:55.353Z DEBUG 2652 --- [           main] org.hibernate.type.BasicTypeRegistry     : Adding type registration object -> org.hibernate.type.JavaObjectType@9a7a808
2025-06-10T15:28:55.354Z DEBUG 2652 --- [           main] org.hibernate.type.BasicTypeRegistry     : Adding type registration java.lang.Object -> org.hibernate.type.JavaObjectType@9a7a808
2025-06-10T15:28:55.355Z DEBUG 2652 --- [           main] org.hibernate.type.BasicTypeRegistry     : Adding type registration null -> org.hibernate.type.NullType@5f84abe8
2025-06-10T15:28:55.355Z DEBUG 2652 --- [           main] org.hibernate.type.BasicTypeRegistry     : Adding type registration imm_date -> org.hibernate.type.BasicTypeReference@4650a407
2025-06-10T15:28:55.355Z DEBUG 2652 --- [           main] org.hibernate.type.BasicTypeRegistry     : Adding type registration imm_time -> org.hibernate.type.BasicTypeReference@30135202
2025-06-10T15:28:55.355Z DEBUG 2652 --- [           main] org.hibernate.type.BasicTypeRegistry     : Adding type registration imm_timestamp -> org.hibernate.type.BasicTypeReference@6a4d7f76
2025-06-10T15:28:55.356Z DEBUG 2652 --- [           main] org.hibernate.type.BasicTypeRegistry     : Adding type registration imm_calendar -> org.hibernate.type.BasicTypeReference@10ec523c
2025-06-10T15:28:55.356Z DEBUG 2652 --- [           main] org.hibernate.type.BasicTypeRegistry     : Adding type registration imm_calendar_date -> org.hibernate.type.BasicTypeReference@53dfacba
2025-06-10T15:28:55.356Z DEBUG 2652 --- [           main] org.hibernate.type.BasicTypeRegistry     : Adding type registration imm_calendar_time -> org.hibernate.type.BasicTypeReference@79767781
2025-06-10T15:28:55.356Z DEBUG 2652 --- [           main] org.hibernate.type.BasicTypeRegistry     : Adding type registration imm_binary -> org.hibernate.type.BasicTypeReference@78411116
2025-06-10T15:28:55.356Z DEBUG 2652 --- [           main] org.hibernate.type.BasicTypeRegistry     : Adding type registration imm_serializable -> org.hibernate.type.BasicTypeReference@aced190
2025-06-10T15:28:55.454Z  INFO 2652 --- [           main] SQL dialect                              : HHH000400: Using dialect: org.hibernate.dialect.H2Dialect
2025-06-10T15:28:55.512Z DEBUG 2652 --- [           main] o.h.t.d.jdbc.spi.JdbcTypeRegistry        : addDescriptor(NCharTypeDescriptor) replaced previous registration(CharTypeDescriptor)
2025-06-10T15:28:55.513Z DEBUG 2652 --- [           main] o.h.t.d.jdbc.spi.JdbcTypeRegistry        : addDescriptor(NVarcharTypeDescriptor) replaced previous registration(VarcharTypeDescriptor)
2025-06-10T15:28:55.513Z DEBUG 2652 --- [           main] o.h.t.d.jdbc.spi.JdbcTypeRegistry        : addDescriptor(LongNVarcharTypeDescriptor) replaced previous registration(LongVarcharTypeDescriptor)
2025-06-10T15:28:55.516Z DEBUG 2652 --- [           main] o.h.t.d.jdbc.spi.JdbcTypeRegistry        : addDescriptor(NClobTypeDescriptor(DEFAULT)) replaced previous registration(ClobTypeDescriptor(DEFAULT))
2025-06-10T15:28:55.516Z DEBUG 2652 --- [           main] o.h.t.d.jdbc.spi.JdbcTypeRegistry        : addDescriptor(2005, ClobTypeDescriptor(STREAM_BINDING)) replaced previous registration(ClobTypeDescriptor(DEFAULT))
2025-06-10T15:28:55.522Z DEBUG 2652 --- [           main] o.h.t.d.jdbc.spi.JdbcTypeRegistry        : addDescriptor(3003, TimestampUtcDescriptor) replaced previous registration(TimestampUtcDescriptor)
2025-06-10T15:28:55.531Z DEBUG 2652 --- [           main] org.hibernate.type.BasicTypeRegistry     : Adding type registration org.hibernate.type.OffsetDateTimeType -> basicType@1(java.time.OffsetDateTime,93)
2025-06-10T15:28:55.531Z DEBUG 2652 --- [           main] org.hibernate.type.BasicTypeRegistry     : Adding type registration OffsetDateTime -> basicType@1(java.time.OffsetDateTime,93)
2025-06-10T15:28:55.531Z DEBUG 2652 --- [           main] org.hibernate.type.BasicTypeRegistry     : Adding type registration java.time.OffsetDateTime -> basicType@1(java.time.OffsetDateTime,93)
2025-06-10T15:28:55.532Z DEBUG 2652 --- [           main] org.hibernate.type.BasicTypeRegistry     : Adding type registration org.hibernate.type.ZonedDateTimeType -> basicType@2(java.time.ZonedDateTime,93)
2025-06-10T15:28:55.532Z DEBUG 2652 --- [           main] org.hibernate.type.BasicTypeRegistry     : Adding type registration ZonedDateTime -> basicType@2(java.time.ZonedDateTime,93)
2025-06-10T15:28:55.532Z DEBUG 2652 --- [           main] org.hibernate.type.BasicTypeRegistry     : Adding type registration java.time.ZonedDateTime -> basicType@2(java.time.ZonedDateTime,93)
2025-06-10T15:28:55.534Z DEBUG 2652 --- [           main] o.h.type.spi.TypeConfiguration$Scope     : Scoping TypeConfiguration [org.hibernate.type.spi.TypeConfiguration@55b8dbda] to MetadataBuildingContext [org.hibernate.boot.internal.MetadataBuildingContextRootImpl@3b569985]
2025-06-10T15:28:56.142Z DEBUG 2652 --- [           main] o.h.type.spi.TypeConfiguration$Scope     : Scoping TypeConfiguration [org.hibernate.type.spi.TypeConfiguration@55b8dbda] to SessionFactoryImplementor [org.hibernate.internal.SessionFactoryImpl@348d18a3]
Hibernate: 
    
    drop table if exists student cascade 
Hibernate: 
    
    drop sequence if exists student_seq
Hibernate: create sequence student_seq start with 1 increment by 50
Hibernate: 
    
    create table student (
       id bigint not null,
        name varchar(255),
        passport_number varchar(255),
        primary key (id)
    )
2025-06-10T15:28:56.795Z  INFO 2652 --- [           main] o.h.e.t.j.p.i.JtaPlatformInitiator       : HHH000490: Using JtaPlatform implementation: [org.hibernate.engine.transaction.jta.platform.internal.NoJtaPlatform]
2025-06-10T15:28:56.803Z TRACE 2652 --- [           main] o.h.type.spi.TypeConfiguration$Scope     : Handling #sessionFactoryCreated from [org.hibernate.internal.SessionFactoryImpl@348d18a3] for TypeConfiguration
2025-06-10T15:28:56.806Z  INFO 2652 --- [           main] j.LocalContainerEntityManagerFactoryBean : Initialized JPA EntityManagerFactory for persistence unit 'default'
2025-06-10T15:28:57.083Z DEBUG 2652 --- [           main] o.h.stat.internal.StatisticsInitiator    : Statistics initialized [enabled=true]
2025-06-10T15:28:57.100Z  INFO 2652 --- [           main] i.StatisticalLoggingSessionEventListener : Session Metrics {
    0 nanoseconds spent acquiring 0 JDBC connections;
    0 nanoseconds spent releasing 0 JDBC connections;
    0 nanoseconds spent preparing 0 JDBC statements;
    0 nanoseconds spent executing 0 JDBC statements;
    0 nanoseconds spent executing 0 JDBC batches;
    0 nanoseconds spent performing 0 L2C puts;
    0 nanoseconds spent performing 0 L2C hits;
    0 nanoseconds spent performing 0 L2C misses;
    0 nanoseconds spent executing 0 flushes (flushing a total of 0 entities and 0 collections);
    0 nanoseconds spent executing 0 partial-flushes (flushing a total of 0 entities and 0 collections)
}
2025-06-10T15:28:57.103Z  INFO 2652 --- [           main] i.StatisticalLoggingSessionEventListener : Session Metrics {
    0 nanoseconds spent acquiring 0 JDBC connections;
    0 nanoseconds spent releasing 0 JDBC connections;
    0 nanoseconds spent preparing 0 JDBC statements;
    0 nanoseconds spent executing 0 JDBC statements;
    0 nanoseconds spent executing 0 JDBC batches;
    0 nanoseconds spent performing 0 L2C puts;
    0 nanoseconds spent performing 0 L2C hits;
    0 nanoseconds spent performing 0 L2C misses;
    0 nanoseconds spent executing 0 flushes (flushing a total of 0 entities and 0 collections);
    0 nanoseconds spent executing 0 partial-flushes (flushing a total of 0 entities and 0 collections)
}
2025-06-10T15:28:57.230Z  INFO 2652 --- [           main] i.StatisticalLoggingSessionEventListener : Session Metrics {
    0 nanoseconds spent acquiring 0 JDBC connections;
    0 nanoseconds spent releasing 0 JDBC connections;
    0 nanoseconds spent preparing 0 JDBC statements;
    0 nanoseconds spent executing 0 JDBC statements;
    0 nanoseconds spent executing 0 JDBC batches;
    0 nanoseconds spent performing 0 L2C puts;
    0 nanoseconds spent performing 0 L2C hits;
    0 nanoseconds spent performing 0 L2C misses;
    0 nanoseconds spent executing 0 flushes (flushing a total of 0 entities and 0 collections);
    0 nanoseconds spent executing 0 partial-flushes (flushing a total of 0 entities and 0 collections)
}
2025-06-10T15:28:57.440Z  WARN 2652 --- [           main] JpaBaseConfiguration$JpaWebConfiguration : spring.jpa.open-in-view is enabled by default. Therefore, database queries may be performed during view rendering. Explicitly configure spring.jpa.open-in-view to disable this warning
2025-06-10T15:28:58.464Z  INFO 2652 --- [           main] o.s.b.a.e.web.EndpointLinksResolver      : Exposing 1 endpoint(s) beneath base path '/actuator'
2025-06-10T15:28:58.648Z  INFO 2652 --- [           main] o.s.b.w.embedded.tomcat.TomcatWebServer  : Tomcat started on port(s): 9090 (http) with context path ''
2025-06-10T15:28:58.678Z  INFO 2652 --- [           main] .s.r.e.SpringBoot2RestServiceApplication : Started SpringBoot2RestServiceApplication in 10.329 seconds (process running for 11.335)
2025-06-10T15:32:57.629Z  INFO 2652 --- [nio-9090-exec-1] o.a.c.c.C.[Tomcat].[localhost].[/]       : Initializing Spring DispatcherServlet 'dispatcherServlet'
2025-06-10T15:32:57.631Z  INFO 2652 --- [nio-9090-exec-1] o.s.web.servlet.DispatcherServlet        : Initializing Servlet 'dispatcherServlet'
2025-06-10T15:32:57.633Z  INFO 2652 --- [nio-9090-exec-1] o.s.web.servlet.DispatcherServlet        : Completed initialization in 2 ms
Hibernate: 
    select
        s1_0.id,
        s1_0.name,
        s1_0.passport_number 
    from
        student s1_0
2025-06-10T15:32:57.944Z DEBUG 2652 --- [nio-9090-exec-1] o.h.stat.internal.StatisticsImpl         : HHH000117: HQL: [CRITERIA] select s1_0.id,s1_0.name,s1_0.passport_number from student s1_0, time: 33ms, rows: 0
2025-06-10T15:32:58.020Z  INFO 2652 --- [nio-9090-exec-1] i.StatisticalLoggingSessionEventListener : Session Metrics {
    1232546 nanoseconds spent acquiring 1 JDBC connections;
    0 nanoseconds spent releasing 0 JDBC connections;
    278933 nanoseconds spent preparing 1 JDBC statements;
    193322 nanoseconds spent executing 1 JDBC statements;
    0 nanoseconds spent executing 0 JDBC batches;
    0 nanoseconds spent performing 0 L2C puts;
    0 nanoseconds spent performing 0 L2C hits;
    0 nanoseconds spent performing 0 L2C misses;
    0 nanoseconds spent executing 0 flushes (flushing a total of 0 entities and 0 collections);
    226875 nanoseconds spent executing 1 partial-flushes (flushing a total of 0 entities and 0 collections)
}
2025-06-10T15:32:58.435Z  INFO 2652 --- [nio-9090-exec-2] i.StatisticalLoggingSessionEventListener : Session Metrics {
    0 nanoseconds spent acquiring 0 JDBC connections;
    0 nanoseconds spent releasing 0 JDBC connections;
    0 nanoseconds spent preparing 0 JDBC statements;
    0 nanoseconds spent executing 0 JDBC statements;
    0 nanoseconds spent executing 0 JDBC batches;
    0 nanoseconds spent performing 0 L2C puts;
    0 nanoseconds spent performing 0 L2C hits;
    0 nanoseconds spent performing 0 L2C misses;
    0 nanoseconds spent executing 0 flushes (flushing a total of 0 entities and 0 collections);
    0 nanoseconds spent executing 0 partial-flushes (flushing a total of 0 entities and 0 collections)
}
2025-06-10T15:32:58.534Z  INFO 2652 --- [nio-9090-exec-2] i.StatisticalLoggingSessionEventListener : Session Metrics {
    0 nanoseconds spent acquiring 0 JDBC connections;
    0 nanoseconds spent releasing 0 JDBC connections;
    0 nanoseconds spent preparing 0 JDBC statements;
    0 nanoseconds spent executing 0 JDBC statements;
    0 nanoseconds spent executing 0 JDBC batches;
    0 nanoseconds spent performing 0 L2C puts;
    0 nanoseconds spent performing 0 L2C hits;
    0 nanoseconds spent performing 0 L2C misses;
    0 nanoseconds spent executing 0 flushes (flushing a total of 0 entities and 0 collections);
    0 nanoseconds spent executing 0 partial-flushes (flushing a total of 0 entities and 0 collections)
}
Hibernate: 
    select
        s1_0.id,
        s1_0.name,
        s1_0.passport_number 
    from
        student s1_0 
    where
        s1_0.id=?
Hibernate: 
    select
        next value for student_seq
Hibernate: 
    insert 
    into
        student
        (name, passport_number, id) 
    values
        (?, ?, ?)
2025-06-10T15:34:14.554Z  INFO 2652 --- [nio-9090-exec-6] i.StatisticalLoggingSessionEventListener : Session Metrics {
    53363 nanoseconds spent acquiring 1 JDBC connections;
    0 nanoseconds spent releasing 0 JDBC connections;
    2637338 nanoseconds spent preparing 3 JDBC statements;
    2066567 nanoseconds spent executing 3 JDBC statements;
    0 nanoseconds spent executing 0 JDBC batches;
    0 nanoseconds spent performing 0 L2C puts;
    0 nanoseconds spent performing 0 L2C hits;
    0 nanoseconds spent performing 0 L2C misses;
    15042379 nanoseconds spent executing 1 flushes (flushing a total of 1 entities and 0 collections);
    0 nanoseconds spent executing 0 partial-flushes (flushing a total of 0 entities and 0 collections)
}
